  Reading Qt configuration (D:/IDE/Qt_5.12.0/5.14.2/msvc2017_64/bin/qmake)
  uic code\LoadDialog.ui
  uic code\MultiPlayer.ui
  rcc MultiPlayer.qrc
  moc code\LoadDialog.h
  moc code\MyMainWidget.h
  moc code\titleBar.h
  moc code\PlayCtrl.h
  moc code\MyGraphicsView.h
  moc code\XMediaThread.h
  IVideoCall.cpp
  LoadDialog.cpp
  main.cpp
  MyData.cpp
  MyGraphicsView.cpp
  MyMainWidget.cpp
  MultiPlayer.cpp
  PlayCtrl.cpp
  titleBar.cpp
  XDecode.cpp
  XDecodeThread.cpp
  XMedia.cpp
  XMediaThread.cpp
  XVideoThread.cpp
d:\code\multiplayer_graphics\multiplayer\code\xmedia.cpp(39): error C2374: “opts”: 重定义；多次初始化
  d:\code\multiplayer_graphics\multiplayer\code\xmedia.cpp(36): note: 参见“opts”的声明
d:\code\multiplayer_graphics\multiplayer\code\xvideothread.cpp(90): error C2248: “IVideoCall::Repaint”: 无法访问 private 成员(在“IVideoCall”类中声明)
  d:\code\multiplayer_graphics\multiplayer\code\ivideocall.h(5): note: 参见“IVideoCall::Repaint”的声明
  d:\code\multiplayer_graphics\multiplayer\code\ivideocall.h(4): note: 参见“IVideoCall”的声明
d:\code\multiplayer_graphics\multiplayer\code\playctrl.cpp(30): warning C4715: “PlayCtrl::OpenMedia”: 不是所有的控件路径都返回值
