d:\code\multiplayer_graphics\multiplayer\x64\debug\vc141.pdb
d:\code\multiplayer_graphics\multiplayer\x64\debug\loaddialog.obj
d:\code\multiplayer_graphics\multiplayer\x64\debug\moc_loaddialog.obj
d:\code\multiplayer_graphics\multiplayer\x64\debug\moc_mymainwidget.obj
d:\code\multiplayer_graphics\multiplayer\x64\debug\moc_titlebar.obj
d:\code\multiplayer_graphics\multiplayer\x64\debug\qrc_multiplayer.obj
d:\code\multiplayer_graphics\multiplayer\x64\debug\titlebar.obj
d:\code\multiplayer_graphics\multiplayer\x64\debug\main.obj
d:\code\multiplayer_graphics\multiplayer\x64\debug\mymainwidget.obj
d:\code\multiplayer_graphics\multiplayer\x64\debug\multiplayer.obj
d:\code\multiplayer_graphics\multiplayer\x64\debug\mydata.obj
d:\code\multiplayer_graphics\x64\debug\multiplayer.exe
d:\code\multiplayer_graphics\x64\debug\multiplayer.ilk
d:\code\multiplayer_graphics\x64\debug\multiplayer.pdb
d:\code\multiplayer_graphics\multiplayer\x64\debug\moc\moc_playctrl.cpp
d:\code\multiplayer_graphics\multiplayer\x64\debug\uic\ui_loaddialog.h
d:\code\multiplayer_graphics\multiplayer\x64\debug\uic\ui_multiplayer.h
d:\code\multiplayer_graphics\multiplayer\x64\debug\rcc\qrc_multiplayer.cpp
d:\code\multiplayer_graphics\multiplayer\x64\debug\moc\moc_loaddialog.cpp
d:\code\multiplayer_graphics\multiplayer\x64\debug\moc\moc_mymainwidget.cpp
d:\code\multiplayer_graphics\multiplayer\x64\debug\moc\moc_titlebar.cpp
d:\code\multiplayer_graphics\multiplayer\x64\debug\multiplayer.res
d:\code\multiplayer_graphics\multiplayer\x64\debug\multiplayer.tlog\cl.command.1.tlog
d:\code\multiplayer_graphics\multiplayer\x64\debug\multiplayer.tlog\cl.read.1.tlog
d:\code\multiplayer_graphics\multiplayer\x64\debug\multiplayer.tlog\cl.write.1.tlog
d:\code\multiplayer_graphics\multiplayer\x64\debug\multiplayer.tlog\link.22968.delete.1.tlog
d:\code\multiplayer_graphics\multiplayer\x64\debug\multiplayer.tlog\link.68064.delete.1.tlog
d:\code\multiplayer_graphics\multiplayer\x64\debug\multiplayer.tlog\link.69796.delete.1.tlog
d:\code\multiplayer_graphics\multiplayer\x64\debug\multiplayer.tlog\link.80640.delete.1.tlog
d:\code\multiplayer_graphics\multiplayer\x64\debug\multiplayer.tlog\link.command.1.tlog
d:\code\multiplayer_graphics\multiplayer\x64\debug\multiplayer.tlog\link.read.1.tlog
d:\code\multiplayer_graphics\multiplayer\x64\debug\multiplayer.tlog\link.write.1.tlog
d:\code\multiplayer_graphics\multiplayer\x64\debug\multiplayer.tlog\moc.read.1u.tlog
d:\code\multiplayer_graphics\multiplayer\x64\debug\multiplayer.tlog\moc.write.1u.tlog
d:\code\multiplayer_graphics\multiplayer\x64\debug\multiplayer.tlog\multiplayer.write.1u.tlog
d:\code\multiplayer_graphics\multiplayer\x64\debug\multiplayer.tlog\rc.command.1.tlog
d:\code\multiplayer_graphics\multiplayer\x64\debug\multiplayer.tlog\rc.read.1.tlog
d:\code\multiplayer_graphics\multiplayer\x64\debug\multiplayer.tlog\rc.write.1.tlog
d:\code\multiplayer_graphics\multiplayer\x64\debug\multiplayer.tlog\rcc.read.1u.tlog
d:\code\multiplayer_graphics\multiplayer\x64\debug\multiplayer.tlog\rcc.write.1u.tlog
d:\code\multiplayer_graphics\multiplayer\x64\debug\multiplayer.tlog\uic.read.1u.tlog
d:\code\multiplayer_graphics\multiplayer\x64\debug\multiplayer.tlog\uic.write.1u.tlog
